2025-09-11 00:15:52.326 | INFO     | __main__:main:145 - Starting ZanSoc master node
2025-09-11 00:15:52.327 | INFO     | __main__:load_config:47 - Loaded configuration from /Users/ashutosh/zansoc-beta/src/master/../../config/master.yaml
2025-09-11 00:15:52.327 | INFO     | __main__:start_ray_head:91 - Starting Ray head node with the following configuration:
2025-09-11 00:15:52.327 | INFO     | __main__:start_ray_head:92 -   - Port: 6379
2025-09-11 00:15:52.327 | INFO     | __main__:start_ray_head:93 -   - Dashboard: http://0.0.0.0:8265
2025-09-11 00:15:52.327 | INFO     | __main__:start_ray_head:94 -   - Resources: {'CPU': 4, 'memory': 4000000000}
2025-09-11 00:15:54.300 | INFO     | __main__:start_ray_head:101 - Ray cluster started with 1 nodes
2025-09-11 00:15:54.300 | INFO     | __main__:start_ray_head:105 - 
To connect worker nodes, use the following address:
2025-09-11 00:15:54.300 | INFO     | __main__:start_ray_head:106 -   ray start --address='172.20.10.13:6379' --redis-password='zansoc_secure_password_change_me'
2025-09-11 00:15:54.300 | INFO     | __main__:start_ray_head:110 - 
Master node will run for 86400 seconds
2025-09-11 00:15:54.300 | INFO     | __main__:start_ray_head:111 - Press Ctrl+C to stop the master node
2025-09-11 00:25:54.495 | INFO     | __main__:start_ray_head:121 - Cluster status: 1 nodes connected
2025-09-11 00:35:54.722 | INFO     | __main__:start_ray_head:121 - Cluster status: 1 nodes connected
2025-09-11 00:45:54.997 | INFO     | __main__:start_ray_head:121 - Cluster status: 1 nodes connected
2025-09-11 10:36:00.002 | INFO     | __main__:start_ray_head:121 - Cluster status: 1 nodes connected
2025-09-11 10:46:00.378 | INFO     | __main__:start_ray_head:121 - Cluster status: 1 nodes connected
2025-09-11 10:56:00.642 | INFO     | __main__:start_ray_head:121 - Cluster status: 1 nodes connected
2025-09-11 11:06:00.890 | INFO     | __main__:start_ray_head:121 - Cluster status: 1 nodes connected
2025-09-11 11:16:01.123 | INFO     | __main__:start_ray_head:121 - Cluster status: 1 nodes connected
2025-09-11 11:25:59.567 | INFO     | __main__:start_ray_head:121 - Cluster status: 1 nodes connected
2025-09-11 11:35:59.905 | INFO     | __main__:start_ray_head:121 - Cluster status: 1 nodes connected
2025-09-11 11:46:00.292 | INFO     | __main__:start_ray_head:121 - Cluster status: 1 nodes connected
2025-09-11 11:56:00.735 | INFO     | __main__:start_ray_head:121 - Cluster status: 1 nodes connected
2025-09-11 12:06:01.148 | INFO     | __main__:start_ray_head:121 - Cluster status: 1 nodes connected
2025-09-11 12:16:01.433 | INFO     | __main__:start_ray_head:121 - Cluster status: 1 nodes connected
2025-09-11 12:26:01.825 | INFO     | __main__:start_ray_head:121 - Cluster status: 1 nodes connected
2025-09-11 12:36:02.224 | INFO     | __main__:start_ray_head:121 - Cluster status: 1 nodes connected
2025-09-11 12:46:02.632 | INFO     | __main__:start_ray_head:121 - Cluster status: 1 nodes connected
2025-09-11 12:56:03.016 | INFO     | __main__:start_ray_head:121 - Cluster status: 1 nodes connected
2025-09-11 13:06:03.404 | INFO     | __main__:start_ray_head:121 - Cluster status: 1 nodes connected
2025-09-11 13:16:03.852 | INFO     | __main__:start_ray_head:121 - Cluster status: 1 nodes connected
2025-09-11 13:26:04.264 | INFO     | __main__:start_ray_head:121 - Cluster status: 1 nodes connected
2025-09-11 13:35:54.669 | INFO     | __main__:start_ray_head:121 - Cluster status: 1 nodes connected
2025-09-11 13:45:55.076 | INFO     | __main__:start_ray_head:121 - Cluster status: 1 nodes connected
2025-09-11 13:55:55.495 | INFO     | __main__:start_ray_head:121 - Cluster status: 1 nodes connected
2025-09-11 14:05:55.938 | INFO     | __main__:start_ray_head:121 - Cluster status: 1 nodes connected
2025-09-11 14:15:56.358 | INFO     | __main__:start_ray_head:121 - Cluster status: 1 nodes connected
2025-09-11 14:25:56.782 | INFO     | __main__:start_ray_head:121 - Cluster status: 1 nodes connected
2025-09-11 14:35:57.200 | INFO     | __main__:start_ray_head:121 - Cluster status: 1 nodes connected
2025-09-11 14:45:57.543 | INFO     | __main__:start_ray_head:121 - Cluster status: 1 nodes connected
2025-09-11 14:55:58.128 | INFO     | __main__:start_ray_head:121 - Cluster status: 1 nodes connected
2025-09-11 15:05:58.486 | INFO     | __main__:start_ray_head:121 - Cluster status: 1 nodes connected
2025-09-11 15:15:58.743 | INFO     | __main__:start_ray_head:121 - Cluster status: 1 nodes connected
2025-09-11 15:25:59.061 | INFO     | __main__:start_ray_head:121 - Cluster status: 1 nodes connected
2025-09-11 15:35:59.278 | INFO     | __main__:start_ray_head:121 - Cluster status: 1 nodes connected
2025-09-11 16:25:57.761 | INFO     | __main__:start_ray_head:121 - Cluster status: 1 nodes connected
2025-09-11 16:35:58.094 | INFO     | __main__:start_ray_head:121 - Cluster status: 1 nodes connected
2025-09-11 16:45:58.505 | INFO     | __main__:start_ray_head:121 - Cluster status: 1 nodes connected
2025-09-11 16:55:58.854 | INFO     | __main__:start_ray_head:121 - Cluster status: 1 nodes connected
2025-09-11 17:15:54.411 | INFO     | __main__:start_ray_head:121 - Cluster status: 1 nodes connected
2025-09-11 17:25:54.619 | INFO     | __main__:start_ray_head:121 - Cluster status: 1 nodes connected
2025-09-11 17:27:26.187 | INFO     | __main__:start_ray_head:123 - Received keyboard interrupt, shutting down...
2025-09-11 17:27:26.189 | INFO     | __main__:main:162 - Master node stopped successfully
